TN:
SF:src\modules\vendedor\services\CalcularSalarioVendedorService.ts
FN:21,__decorate
FN:21,__metadata
FN:21,__param
FN:8,CalcularSalarioVendedorService
FN:13,execute
FNF:5
FNH:5
FNDA:1,__decorate
FNDA:1,__metadata
FNDA:1,__param
FNDA:1,CalcularSalarioVendedorService
FNDA:3,execute
DA:1,1
DA:2,1
DA:3,1
DA:4,1
DA:5,1
DA:6,1
DA:7,1
DA:8,1
DA:9,1
DA:10,1
DA:11,1
DA:12,1
DA:13,1
DA:14,3
DA:15,3
DA:16,3
DA:17,3
DA:18,0
DA:19,1
DA:20,1
DA:21,1
LF:21
LH:20
BRDA:21,0,0,1
BRDA:21,1,0,1
BRDA:21,2,0,0
BRDA:21,3,0,0
BRDA:21,4,0,0
BRDA:21,5,0,0
BRDA:21,6,0,1
BRDA:21,7,0,1
BRDA:21,8,0,1
BRDA:8,9,0,1
BRDA:13,10,0,3
BRDA:17,11,0,0
BRF:12
BRH:7
end_of_record
