TN:
SF:src\modules\vendedor\services\CalcularSalarioVendedorService.ts
FN:31,__decorate
FN:31,__metadata
FN:31,__param
FN:8,CalcularSalarioVendedorService
FN:15,execute
FNF:5
FNH:5
FNDA:1,__decorate
FNDA:1,__metadata
FNDA:1,__param
FNDA:1,CalcularSalarioVendedorService
FNDA:3,execute
DA:1,1
DA:2,1
DA:3,1
DA:4,1
DA:5,1
DA:6,1
DA:7,1
DA:8,1
DA:9,1
DA:10,1
DA:11,1
DA:12,1
DA:13,1
DA:14,1
DA:15,1
DA:16,3
DA:17,3
DA:18,3
DA:19,3
DA:20,3
DA:21,3
DA:22,3
DA:23,3
DA:24,0
DA:25,0
DA:26,3
DA:27,3
DA:28,0
DA:29,1
DA:30,1
DA:31,1
LF:31
LH:28
BRDA:31,0,0,1
BRDA:31,1,0,1
BRDA:31,2,0,0
BRDA:31,3,0,0
BRDA:31,4,0,0
BRDA:31,5,0,0
BRDA:31,6,0,1
BRDA:31,7,0,1
BRDA:31,8,0,1
BRDA:8,9,0,1
BRDA:15,10,0,3
BRDA:23,11,0,0
BRDA:27,12,0,0
BRF:13
BRH:7
end_of_record
